<?xml version="1.0" encoding="UTF-8"?>
<!-- Generated by org.testng.reporters.JUnitXMLReporter -->
<testsuite ignored="0" hostname="DESKTOP-BT3Q4RV" failures="1" tests="119" name="Default test" time="0.285" errors="0" timestamp="2021-06-15T16:54:18 PKT">
  <testcase classname="Tests.AppSetup" name="@BeforeTest researchText" time="-1.623758058175E9">
    <failure type="org.testng.TestNGException" message="
Parameter &amp;apos;device&amp;apos; is required by BeforeTest on method researchText but has not been marked @Optional or defined
in C:\Users\hp\AppData\Local\Temp\testng-eclipse-1022781266\testng-customsuite.xml">
      <![CDATA[org.testng.TestNGException: 
Parameter 'device' is required by BeforeTest on method researchText but has not been marked @Optional or defined
in C:\Users\hp\AppData\Local\Temp\testng-eclipse-1022781266\testng-customsuite.xml
at org.testng.internal.Parameters.createParams(Parameters.java:268)
at org.testng.internal.Parameters.createParametersForMethod(Parameters.java:356)
at org.testng.internal.Parameters.createParameters(Parameters.java:700)
at org.testng.internal.Parameters.createConfigurationParameters(Parameters.java:166)
at org.testng.internal.ConfigInvoker.invokeConfigurations(ConfigInvoker.java:301)
at org.testng.TestRunner.invokeTestConfigurations(TestRunner.java:617)
at org.testng.TestRunner.beforeRun(TestRunner.java:607)
at org.testng.TestRunner.run(TestRunner.java:578)
at org.testng.SuiteRunner.runTest(SuiteRunner.java:384)
at org.testng.SuiteRunner.runSequentially(SuiteRunner.java:378)
at org.testng.SuiteRunner.privateRun(SuiteRunner.java:337)
at org.testng.SuiteRunner.run(SuiteRunner.java:286)
at org.testng.SuiteRunnerWorker.runSuite(SuiteRunnerWorker.java:53)
at org.testng.SuiteRunnerWorker.run(SuiteRunnerWorker.java:96)
at org.testng.TestNG.runSuitesSequentially(TestNG.java:1218)
at org.testng.TestNG.runSuitesLocally(TestNG.java:1140)
at org.testng.TestNG.runSuites(TestNG.java:1069)
at org.testng.TestNG.run(TestNG.java:1037)
at org.testng.remote.AbstractRemoteTestNG.run(AbstractRemoteTestNG.java:115)
at org.testng.remote.RemoteTestNG.initAndRun(RemoteTestNG.java:251)
at org.testng.remote.RemoteTestNG.main(RemoteTestNG.java:77)
]]>
    </failure>
  </testcase> <!-- @BeforeTest researchText -->
  <testcase classname="Tests.AppSetup" name="@BeforeTest setup" time="-1.623758058188E9">
    <skipped/>
  </testcase> <!-- @BeforeTest setup -->
  <testcase classname="Tests.CONSUMERAPP" name="MSISDN_Entered_Successfully" time="0.0">
    <failure type="org.testng.TestNGException" message="
Parameter &amp;apos;MSISDN&amp;apos; is required by @Test on method MSISDN_Entered_Successfully but has not been marked @Optional or defined
in C:\Users\hp\AppData\Local\Temp\testng-eclipse-1022781266\testng-customsuite.xml">
      <![CDATA[org.testng.TestNGException: 
Parameter 'MSISDN' is required by @Test on method MSISDN_Entered_Successfully but has not been marked @Optional or defined
in C:\Users\hp\AppData\Local\Temp\testng-eclipse-1022781266\testng-customsuite.xml
at org.testng.internal.Parameters.createParams(Parameters.java:268)
at org.testng.internal.Parameters.createParametersForMethod(Parameters.java:356)
at org.testng.internal.Parameters.createParameters(Parameters.java:700)
at org.testng.internal.Parameters.handleParameters(Parameters.java:875)
at org.testng.internal.Parameters.handleParameters(Parameters.java:740)
at org.testng.internal.ParameterHandler.handleParameters(ParameterHandler.java:59)
at org.testng.internal.ParameterHandler.createParameters(ParameterHandler.java:38)
at org.testng.internal.TestInvoker$MethodInvocationAgent.invoke(TestInvoker.java:789)
at org.testng.internal.TestInvoker.invokeTestMethods(TestInvoker.java:147)
at org.testng.internal.TestMethodWorker.invokeTestMethods(TestMethodWorker.java:146)
at org.testng.internal.TestMethodWorker.run(TestMethodWorker.java:128)
at java.base/java.util.ArrayList.forEach(ArrayList.java:1511)
at org.testng.TestRunner.privateRun(TestRunner.java:764)
at org.testng.TestRunner.run(TestRunner.java:585)
at org.testng.SuiteRunner.runTest(SuiteRunner.java:384)
at org.testng.SuiteRunner.runSequentially(SuiteRunner.java:378)
at org.testng.SuiteRunner.privateRun(SuiteRunner.java:337)
at org.testng.SuiteRunner.run(SuiteRunner.java:286)
at org.testng.SuiteRunnerWorker.runSuite(SuiteRunnerWorker.java:53)
at org.testng.SuiteRunnerWorker.run(SuiteRunnerWorker.java:96)
at org.testng.TestNG.runSuitesSequentially(TestNG.java:1218)
at org.testng.TestNG.runSuitesLocally(TestNG.java:1140)
at org.testng.TestNG.runSuites(TestNG.java:1069)
at org.testng.TestNG.run(TestNG.java:1037)
at org.testng.remote.AbstractRemoteTestNG.run(AbstractRemoteTestNG.java:115)
at org.testng.remote.RemoteTestNG.initAndRun(RemoteTestNG.java:251)
at org.testng.remote.RemoteTestNG.main(RemoteTestNG.java:77)
]]>
    </failure>
  </testcase> <!-- MSISDN_Entered_Successfully -->
  <testcase classname="Tests.CONSUMERAPP" name="Entered_MPIN_Successfully" time="0.0">
    <skipped/>
  </testcase> <!-- Entered_MPIN_Successfully -->
  <testcase classname="Tests.CONSUMERAPP" name="Customer_Logged_In_Successfully" time="0.0">
    <skipped/>
  </testcase> <!-- Customer_Logged_In_Successfully -->
  <testcase classname="Tests.CONSUMERAPP" name="Clicked_On_Add_Money_CoachMark" time="0.0">
    <skipped/>
  </testcase> <!-- Clicked_On_Add_Money_CoachMark -->
  <testcase classname="Tests.CONSUMERAPP" name="Clicked_On_Balance_And_Transaction_History_CoachMark" time="0.0">
    <skipped/>
  </testcase> <!-- Clicked_On_Balance_And_Transaction_History_CoachMark -->
  <testcase classname="Tests.CONSUMERAPP" name="Clicked_On_Ready_Cash_CoachMark" time="0.0">
    <skipped/>
  </testcase> <!-- Clicked_On_Ready_Cash_CoachMark -->
  <testcase classname="Tests.CONSUMERAPP" name="Clicked_On_My_Account_CoachMark" time="0.0">
    <skipped/>
  </testcase> <!-- Clicked_On_My_Account_CoachMark -->
  <testcase classname="Tests.CONSUMERAPP" name="Clicked_On_Personalize_JazzCash_CoachMark" time="0.0">
    <skipped/>
  </testcase> <!-- Clicked_On_Personalize_JazzCash_CoachMark -->
  <testcase classname="Tests.CONSUMERAPP" name="Clicked_On_Explore_All_Services_CoachMark" time="0.0">
    <skipped/>
  </testcase> <!-- Clicked_On_Explore_All_Services_CoachMark -->
  <testcase classname="Tests.CONSUMERAPP" name="Clicked_On_Notification_And_Promotions_CoachMark" time="0.0">
    <skipped/>
  </testcase> <!-- Clicked_On_Notification_And_Promotions_CoachMark -->
  <testcase classname="Tests.CONSUMERAPP" name="Clicked_On_Money_Transfer_To_Jazzcash" time="0.0">
    <skipped/>
  </testcase> <!-- Clicked_On_Money_Transfer_To_Jazzcash -->
  <testcase classname="Tests.CONSUMERAPP" name="Searched_And_Selected_Recipent" time="0.0">
    <skipped/>
  </testcase> <!-- Searched_And_Selected_Recipent -->
  <testcase classname="Tests.CONSUMERAPP" name="Entered_Amount_To_Transfer_JC" time="0.0">
    <skipped/>
  </testcase> <!-- Entered_Amount_To_Transfer_JC -->
  <testcase classname="Tests.CONSUMERAPP" name="Amount_Entered_To_Transfer_Successfully" time="0.0">
    <skipped/>
  </testcase> <!-- Amount_Entered_To_Transfer_Successfully -->
  <testcase classname="Tests.CONSUMERAPP" name="Authorize_Transfer_To_JC" time="0.0">
    <skipped/>
  </testcase> <!-- Authorize_Transfer_To_JC -->
  <testcase classname="Tests.CONSUMERAPP" name="Entered_MPIN_To_Authorize_Transfer_To_JC" time="0.0">
    <skipped/>
  </testcase> <!-- Entered_MPIN_To_Authorize_Transfer_To_JC -->
  <testcase classname="Tests.CONSUMERAPP" name="Transfer_To_JC_Reciept" time="0.0">
    <skipped/>
  </testcase> <!-- Transfer_To_JC_Reciept -->
  <testcase classname="Tests.CONSUMERAPP" name="Clicked_On_Money_Transfer_To_Bank" time="0.0">
    <skipped/>
  </testcase> <!-- Clicked_On_Money_Transfer_To_Bank -->
  <testcase classname="Tests.CONSUMERAPP" name="Searched_And_Selected_Bank_Name" time="0.0">
    <skipped/>
  </testcase> <!-- Searched_And_Selected_Bank_Name -->
  <testcase classname="Tests.CONSUMERAPP" name="Entered_Account_Number" time="0.0">
    <skipped/>
  </testcase> <!-- Entered_Account_Number -->
  <testcase classname="Tests.CONSUMERAPP" name="Entered_Bank_Account_Number" time="0.0">
    <skipped/>
  </testcase> <!-- Entered_Bank_Account_Number -->
  <testcase classname="Tests.CONSUMERAPP" name="Entered_Amount_To_Transfer" time="0.0">
    <skipped/>
  </testcase> <!-- Entered_Amount_To_Transfer -->
  <testcase classname="Tests.CONSUMERAPP" name="Select_Purpoes_of_Payment" time="0.0">
    <skipped/>
  </testcase> <!-- Select_Purpoes_of_Payment -->
  <testcase classname="Tests.CONSUMERAPP" name="Skipped_Recipient_Mobile_Number" time="0.0">
    <skipped/>
  </testcase> <!-- Skipped_Recipient_Mobile_Number -->
  <testcase classname="Tests.CONSUMERAPP" name="Confirmed_Transfer_To_Bank_Account" time="0.0">
    <skipped/>
  </testcase> <!-- Confirmed_Transfer_To_Bank_Account -->
  <testcase classname="Tests.CONSUMERAPP" name="Entered_MPIN_To_Authorize_Transfer_To_Bank" time="0.0">
    <skipped/>
  </testcase> <!-- Entered_MPIN_To_Authorize_Transfer_To_Bank -->
  <testcase classname="Tests.CONSUMERAPP" name="Transfer_To_Bank_Reciept" time="0.0">
    <skipped/>
  </testcase> <!-- Transfer_To_Bank_Reciept -->
  <testcase classname="Tests.CONSUMERAPP" name="Clicked_On_Money_Transfer_To_CNIC" time="0.0">
    <skipped/>
  </testcase> <!-- Clicked_On_Money_Transfer_To_CNIC -->
  <testcase classname="Tests.CONSUMERAPP" name="Enter_CNIC_Number_for_Money_Transfer" time="0.0">
    <skipped/>
  </testcase> <!-- Enter_CNIC_Number_for_Money_Transfer -->
  <testcase classname="Tests.CONSUMERAPP" name="Amount_Entered_To_CNIC_Transfer" time="0.0">
    <skipped/>
  </testcase> <!-- Amount_Entered_To_CNIC_Transfer -->
  <testcase classname="Tests.CONSUMERAPP" name="Clicked_On_Prepaid_Load" time="0.0">
    <skipped/>
  </testcase> <!-- Clicked_On_Prepaid_Load -->
  <testcase classname="Tests.CONSUMERAPP" name="Searched_And_Selected_Jazz_Number" time="0.0">
    <skipped/>
  </testcase> <!-- Searched_And_Selected_Jazz_Number -->
  <testcase classname="Tests.CONSUMERAPP" name="Entered_Amount_For_Prepaid_Load" time="0.0">
    <skipped/>
  </testcase> <!-- Entered_Amount_For_Prepaid_Load -->
  <testcase classname="Tests.CONSUMERAPP" name="Clicked_On_Postpaid_Bill" time="0.0">
    <skipped/>
  </testcase> <!-- Clicked_On_Postpaid_Bill -->
  <testcase classname="Tests.CONSUMERAPP" name="Searched_And_Selected_Postpaid_Number" time="0.0">
    <skipped/>
  </testcase> <!-- Searched_And_Selected_Postpaid_Number -->
  <testcase classname="Tests.CONSUMERAPP" name="Entered_Postpaid_Bill_Amount" time="0.0">
    <skipped/>
  </testcase> <!-- Entered_Postpaid_Bill_Amount -->
  <testcase classname="Tests.CONSUMERAPP" name="Clicked_On_Mobile_Bundles" time="0.0">
    <skipped/>
  </testcase> <!-- Clicked_On_Mobile_Bundles -->
  <testcase classname="Tests.CONSUMERAPP" name="Clicked_On_Payoneer" time="0.0">
    <skipped/>
  </testcase> <!-- Clicked_On_Payoneer -->
  <testcase classname="Tests.CONSUMERAPP" name="Bundle_Selected_Successfully" time="0.0">
    <skipped/>
  </testcase> <!-- Bundle_Selected_Successfully -->
  <testcase classname="Tests.CONSUMERAPP" name="Click_On_Cash2Good" time="0.0">
    <skipped/>
  </testcase> <!-- Click_On_Cash2Good -->
  <testcase classname="Tests.CONSUMERAPP" name="Clicked_On_C2GMobile_Number_Search" time="0.0">
    <skipped/>
  </testcase> <!-- Clicked_On_C2GMobile_Number_Search -->
  <testcase classname="Tests.CONSUMERAPP" name="Entered_Recipient_Mobile_Number" time="0.0">
    <skipped/>
  </testcase> <!-- Entered_Recipient_Mobile_Number -->
  <testcase classname="Tests.CONSUMERAPP" name="Clicked_On_PTCL" time="0.0">
    <skipped/>
  </testcase> <!-- Clicked_On_PTCL -->
  <testcase classname="Tests.CONSUMERAPP" name="Enter_C2G_Mobile_Number" time="0.0">
    <skipped/>
  </testcase> <!-- Enter_C2G_Mobile_Number -->
  <testcase classname="Tests.CONSUMERAPP" name="Click_on_Mobile_Number_CheckBox" time="0.0">
    <skipped/>
  </testcase> <!-- Click_on_Mobile_Number_CheckBox -->
  <testcase classname="Tests.CONSUMERAPP" name="Searched_And_Selected_PTCL" time="0.0">
    <skipped/>
  </testcase> <!-- Searched_And_Selected_PTCL -->
  <testcase classname="Tests.CONSUMERAPP" name="Click_on_C2G_Send_Button" time="0.0">
    <skipped/>
  </testcase> <!-- Click_on_C2G_Send_Button -->
  <testcase classname="Tests.CONSUMERAPP" name="Entered_Bill_Reference_NO" time="0.0">
    <skipped/>
  </testcase> <!-- Entered_Bill_Reference_NO -->
  <testcase classname="Tests.CONSUMERAPP" name="Select_Category" time="0.0">
    <skipped/>
  </testcase> <!-- Select_Category -->
  <testcase classname="Tests.CONSUMERAPP" name="Click_on_amount" time="0.0">
    <skipped/>
  </testcase> <!-- Click_on_amount -->
  <testcase classname="Tests.CONSUMERAPP" name="Clicked_On_Nayatel" time="0.0">
    <skipped/>
  </testcase> <!-- Clicked_On_Nayatel -->
  <testcase classname="Tests.CONSUMERAPP" name="Enter_C2G_Amount" time="0.0">
    <skipped/>
  </testcase> <!-- Enter_C2G_Amount -->
  <testcase classname="Tests.CONSUMERAPP" name="Searched_And_Selected_Nayatel" time="0.0">
    <skipped/>
  </testcase> <!-- Searched_And_Selected_Nayatel -->
  <testcase classname="Tests.CONSUMERAPP" name="Enter_C2G_Amount_Continue" time="0.0">
    <skipped/>
  </testcase> <!-- Enter_C2G_Amount_Continue -->
  <testcase classname="Tests.CONSUMERAPP" name="Entered_Bill_Reference_NO_Nayatel" time="0.0">
    <skipped/>
  </testcase> <!-- Entered_Bill_Reference_NO_Nayatel -->
  <testcase classname="Tests.CONSUMERAPP" name="Clicked_On_Add_Money" time="0.0">
    <skipped/>
  </testcase> <!-- Clicked_On_Add_Money -->
  <testcase classname="Tests.CONSUMERAPP" name="Send_C2G_Button" time="0.0">
    <skipped/>
  </testcase> <!-- Send_C2G_Button -->
  <testcase classname="Tests.CONSUMERAPP" name="Click_On_C2G_Confirm_Button" time="0.0">
    <skipped/>
  </testcase> <!-- Click_On_C2G_Confirm_Button -->
  <testcase classname="Tests.CONSUMERAPP" name="Click_On_Deposit_Via_Debit_Card" time="0.0">
    <skipped/>
  </testcase> <!-- Click_On_Deposit_Via_Debit_Card -->
  <testcase classname="Tests.CONSUMERAPP" name="Enter_C2G_MPIN" time="0.0">
    <skipped/>
  </testcase> <!-- Enter_C2G_MPIN -->
  <testcase classname="Tests.CONSUMERAPP" name="Enter_Depit_Card_Amount" time="0.0">
    <skipped/>
  </testcase> <!-- Enter_Depit_Card_Amount -->
  <testcase classname="Tests.CONSUMERAPP" name="Click_On_Request_Money" time="0.0">
    <skipped/>
  </testcase> <!-- Click_On_Request_Money -->
  <testcase classname="Tests.CONSUMERAPP" name="Search_User_For_Request_Money" time="0.0">
    <skipped/>
  </testcase> <!-- Search_User_For_Request_Money -->
  <testcase classname="Tests.CONSUMERAPP" name="Enter_Request_Money_Amount" time="0.0">
    <skipped/>
  </testcase> <!-- Enter_Request_Money_Amount -->
  <testcase classname="Tests.CONSUMERAPP" name="Click_on_Deposit_at_Door_Step" time="0.0">
    <skipped/>
  </testcase> <!-- Click_on_Deposit_at_Door_Step -->
  <testcase classname="Tests.CONSUMERAPP" name="Click_on_Deposite_Via_Bank" time="0.0">
    <skipped/>
  </testcase> <!-- Click_on_Deposite_Via_Bank -->
  <testcase classname="Tests.CONSUMERAPP" name="Click_on_Deposit_Via_JazzCash_Agent" time="0.0">
    <skipped/>
  </testcase> <!-- Click_on_Deposit_Via_JazzCash_Agent -->
  <testcase classname="Tests.CONSUMERAPP" name="Open_Drawer" time="0.0">
    <skipped/>
  </testcase> <!-- Open_Drawer -->
  <testcase classname="Tests.CONSUMERAPP" name="Select_Careem" time="0.0">
    <skipped/>
  </testcase> <!-- Select_Careem -->
  <testcase classname="Tests.CONSUMERAPP" name="Select_Voucher" time="0.0">
    <skipped/>
  </testcase> <!-- Select_Voucher -->
  <testcase classname="Tests.CONSUMERAPP" name="Click_Continue" time="0.0">
    <skipped/>
  </testcase> <!-- Click_Continue -->
  <testcase classname="Tests.CONSUMERAPP" name="Land_On_Homescreen" time="0.0">
    <skipped/>
  </testcase> <!-- Land_On_Homescreen -->
  <testcase classname="Tests.CONSUMERAPP" name="Search_Donations" time="0.0">
    <skipped/>
  </testcase> <!-- Search_Donations -->
  <testcase classname="Tests.CONSUMERAPP" name="Select_SKMCH" time="0.0">
    <skipped/>
  </testcase> <!-- Select_SKMCH -->
  <testcase classname="Tests.CONSUMERAPP" name="Select_Donation_Type" time="0.0">
    <skipped/>
  </testcase> <!-- Select_Donation_Type -->
  <testcase classname="Tests.CONSUMERAPP" name="Back_To_Homescreen" time="0.0">
    <skipped/>
  </testcase> <!-- Back_To_Homescreen -->
  <testcase classname="Tests.CONSUMERAPP" name="Clicked_On_ScanQR" time="0.0">
    <skipped/>
  </testcase> <!-- Clicked_On_ScanQR -->
  <testcase classname="Tests.CONSUMERAPP" name="Clicked_On_Enable_Camera" time="0.0">
    <skipped/>
  </testcase> <!-- Clicked_On_Enable_Camera -->
  <testcase classname="Tests.CONSUMERAPP" name="Clicked_On_TillID" time="0.0">
    <skipped/>
  </testcase> <!-- Clicked_On_TillID -->
  <testcase classname="Tests.CONSUMERAPP" name="QRPayment" time="0.0">
    <skipped/>
  </testcase> <!-- QRPayment -->
  <testcase classname="Tests.CONSUMERAPP" name="Enter_Till_ID" time="0.0">
    <skipped/>
  </testcase> <!-- Enter_Till_ID -->
  <testcase classname="Tests.CONSUMERAPP" name="Clicked_On_InviteEarnButton" time="0.0">
    <skipped/>
  </testcase> <!-- Clicked_On_InviteEarnButton -->
  <testcase classname="Tests.CONSUMERAPP" name="Clicked_On_Invite_Friend" time="0.0">
    <skipped/>
  </testcase> <!-- Clicked_On_Invite_Friend -->
  <testcase classname="Tests.CONSUMERAPP" name="Clicked_On_Mobile_Number_Search" time="0.0">
    <skipped/>
  </testcase> <!-- Clicked_On_Mobile_Number_Search -->
  <testcase classname="Tests.CONSUMERAPP" name="Enter_Invite_Mobile_Number" time="0.0">
    <skipped/>
  </testcase> <!-- Enter_Invite_Mobile_Number -->
  <testcase classname="Tests.CONSUMERAPP" name="Clicked_On_College" time="0.0">
    <skipped/>
  </testcase> <!-- Clicked_On_College -->
  <testcase classname="Tests.CONSUMERAPP" name="Search_College" time="0.0">
    <skipped/>
  </testcase> <!-- Search_College -->
  <testcase classname="Tests.CONSUMERAPP" name="Clicked_On_Coaching_Center" time="0.0">
    <skipped/>
  </testcase> <!-- Clicked_On_Coaching_Center -->
  <testcase classname="Tests.CONSUMERAPP" name="Search_Coaching_Centers" time="0.0">
    <skipped/>
  </testcase> <!-- Search_Coaching_Centers -->
  <testcase classname="Tests.CONSUMERAPP" name="Clicked_On_Universities" time="0.0">
    <skipped/>
  </testcase> <!-- Clicked_On_Universities -->
  <testcase classname="Tests.CONSUMERAPP" name="Search_University" time="0.0">
    <skipped/>
  </testcase> <!-- Search_University -->
  <testcase classname="Tests.CONSUMERAPP" name="Clicked_On_School" time="0.0">
    <skipped/>
  </testcase> <!-- Clicked_On_School -->
  <testcase classname="Tests.CONSUMERAPP" name="Search_School" time="0.0">
    <skipped/>
  </testcase> <!-- Search_School -->
  <testcase classname="Tests.CONSUMERAPP" name="Clicked_On_My_Acccount" time="0.0">
    <skipped/>
  </testcase> <!-- Clicked_On_My_Acccount -->
  <testcase classname="Tests.CONSUMERAPP" name="Clicked_On_Account_Update_Coach_Mark" time="0.0">
    <skipped/>
  </testcase> <!-- Clicked_On_Account_Update_Coach_Mark -->
  <testcase classname="Tests.CONSUMERAPP" name="Clicked_On_Change_MPIN_Coach_Mark" time="0.0">
    <skipped/>
  </testcase> <!-- Clicked_On_Change_MPIN_Coach_Mark -->
  <testcase classname="Tests.CONSUMERAPP" name="Account_Title_Verified" time="0.0">
    <skipped/>
  </testcase> <!-- Account_Title_Verified -->
  <testcase classname="Tests.CONSUMERAPP" name="Account_Upgrade_Linking" time="0.0">
    <skipped/>
  </testcase> <!-- Account_Upgrade_Linking -->
  <testcase classname="Tests.CONSUMERAPP" name="Clicked_On_Account_Limits" time="0.0">
    <skipped/>
  </testcase> <!-- Clicked_On_Account_Limits -->
  <testcase classname="Tests.CONSUMERAPP" name="Account_Limits_Verified" time="0.0">
    <skipped/>
  </testcase> <!-- Account_Limits_Verified -->
  <testcase classname="Tests.CONSUMERAPP" name="Clicked_On_Transaction_History" time="0.0">
    <skipped/>
  </testcase> <!-- Clicked_On_Transaction_History -->
  <testcase classname="Tests.CONSUMERAPP" name="Clicked_To_Review_Transaction" time="0.0">
    <skipped/>
  </testcase> <!-- Clicked_To_Review_Transaction -->
  <testcase classname="Tests.CONSUMERAPP" name="Transaction_Review_Successful" time="0.0">
    <skipped/>
  </testcase> <!-- Transaction_Review_Successful -->
  <testcase classname="Tests.CONSUMERAPP" name="Transaction_History_Verified" time="0.0">
    <skipped/>
  </testcase> <!-- Transaction_History_Verified -->
  <testcase classname="Tests.CONSUMERAPP" name="Clicked_On_Account_Statement" time="0.0">
    <skipped/>
  </testcase> <!-- Clicked_On_Account_Statement -->
  <testcase classname="Tests.CONSUMERAPP" name="Account_Statement_Visible" time="0.0">
    <skipped/>
  </testcase> <!-- Account_Statement_Visible -->
  <testcase classname="Tests.CONSUMERAPP" name="Clicked_On_My_Approvals" time="0.0">
    <skipped/>
  </testcase> <!-- Clicked_On_My_Approvals -->
  <testcase classname="Tests.CONSUMERAPP" name="My_Approvals_Visible" time="0.0">
    <skipped/>
  </testcase> <!-- My_Approvals_Visible -->
  <testcase classname="Tests.CONSUMERAPP" name="Clicked_Linked_Debit_Cards" time="0.0">
    <skipped/>
  </testcase> <!-- Clicked_Linked_Debit_Cards -->
  <testcase classname="Tests.CONSUMERAPP" name="Linked_Debit_Cards_Verified" time="0.0">
    <skipped/>
  </testcase> <!-- Linked_Debit_Cards_Verified -->
  <testcase classname="Tests.CONSUMERAPP" name="Clicked_On_Change_MPIN" time="0.0">
    <skipped/>
  </testcase> <!-- Clicked_On_Change_MPIN -->
  <testcase classname="Tests.CONSUMERAPP" name="Clicked_On_Delink_Device" time="0.0">
    <skipped/>
  </testcase> <!-- Clicked_On_Delink_Device -->
  <testcase classname="Tests.CONSUMERAPP" name="Cancelled_Delink_Device" time="0.0">
    <skipped/>
  </testcase> <!-- Cancelled_Delink_Device -->
  <testcase classname="Tests.CONSUMERAPP" name="Clicked_On_Help_And_Support" time="0.0">
    <skipped/>
  </testcase> <!-- Clicked_On_Help_And_Support -->
  <testcase classname="Tests.CONSUMERAPP" name="Search_In_Help" time="0.0">
    <skipped/>
  </testcase> <!-- Search_In_Help -->
  <testcase classname="Tests.CONSUMERAPP" name="Clicked_On_Terms_And_Conditions" time="0.0">
    <skipped/>
  </testcase> <!-- Clicked_On_Terms_And_Conditions -->
  <testcase classname="Tests.CONSUMERAPP" name="Clicked_On_Logout" time="0.0">
    <skipped/>
  </testcase> <!-- Clicked_On_Logout -->
  <testcase classname="Tests.CONSUMERAPP" name="Logout_From_App_Successfully" time="0.0">
    <skipped/>
  </testcase> <!-- Logout_From_App_Successfully -->
  <testcase classname="Tests.CONSUMERAPP" name="Verified_Logout_From_App_Successfully" time="0.0">
    <skipped/>
  </testcase> <!-- Verified_Logout_From_App_Successfully -->
</testsuite> <!-- Default test -->
