<?xml version="1.0" encoding="UTF-8"?>
<!-- Generated by org.testng.reporters.JUnitXMLReporter -->
<testsuite ignored="86" hostname="AK-MBL-0009" failures="0" tests="10" name="Test2" time="129.472" errors="0" timestamp="2021-05-04T13:47:29 PKT">
  <testcase classname="Tests.AppSetup" name="@BeforeTest setup" time="129.179">
    <failure type="org.openqa.selenium.SessionNotCreatedException" message="Unable to create a new remote session. Original error: Connection reset
Build info: version: &amp;apos;3.141.59&amp;apos;, revision: &amp;apos;e82be7d358&amp;apos;, time: &amp;apos;2018-11-14T08:17:03&amp;apos;
System info: host: &amp;apos;AK-MBL-0009&amp;apos;, ip: &amp;apos;169.254.50.180&amp;apos;, os.name: &amp;apos;Windows 10&amp;apos;, os.arch: &amp;apos;amd64&amp;apos;, os.version: &amp;apos;10.0&amp;apos;, java.version: &amp;apos;15.0.1&amp;apos;
Driver info: driver.version: AndroidDriver">
      <![CDATA[org.openqa.selenium.SessionNotCreatedException: Unable to create a new remote session. Original error: Connection reset
Build info: version: '3.141.59', revision: 'e82be7d358', time: '2018-11-14T08:17:03'
System info: host: 'AK-MBL-0009', ip: '169.254.50.180', os.name: 'Windows 10', os.arch: 'amd64', os.version: '10.0', java.version: '15.0.1'
Driver info: driver.version: AndroidDriver
at io.appium.java_client.remote.AppiumCommandExecutor$1.createSession(AppiumCommandExecutor.java:208)
at io.appium.java_client.remote.AppiumCommandExecutor.createSession(AppiumCommandExecutor.java:217)
at io.appium.java_client.remote.AppiumCommandExecutor.execute(AppiumCommandExecutor.java:239)
at org.openqa.selenium.remote.RemoteWebDriver.execute(RemoteWebDriver.java:552)
at io.appium.java_client.DefaultGenericMobileDriver.execute(DefaultGenericMobileDriver.java:41)
at io.appium.java_client.AppiumDriver.execute(AppiumDriver.java:1)
at io.appium.java_client.android.AndroidDriver.execute(AndroidDriver.java:1)
at org.openqa.selenium.remote.RemoteWebDriver.startSession(RemoteWebDriver.java:213)
at io.appium.java_client.AppiumDriver.startSession(AppiumDriver.java:336)
at org.openqa.selenium.remote.RemoteWebDriver.<init>(RemoteWebDriver.java:131)
at io.appium.java_client.DefaultGenericMobileDriver.<init>(DefaultGenericMobileDriver.java:37)
at io.appium.java_client.AppiumDriver.<init>(AppiumDriver.java:88)
at io.appium.java_client.AppiumDriver.<init>(AppiumDriver.java:98)
at io.appium.java_client.android.AndroidDriver.<init>(AndroidDriver.java:94)
at Tests.AppSetup.setup(AppSetup.java:41)
at java.base/jdk.internal.reflect.NativeMethodAccessorImpl.invoke0(Native Method)
at java.base/jdk.internal.reflect.NativeMethodAccessorImpl.invoke(NativeMethodAccessorImpl.java:64)
at java.base/jdk.internal.reflect.DelegatingMethodAccessorImpl.invoke(DelegatingMethodAccessorImpl.java:43)
at java.base/java.lang.reflect.Method.invoke(Method.java:564)
at org.testng.internal.MethodInvocationHelper.invokeMethod(MethodInvocationHelper.java:132)
at org.testng.internal.MethodInvocationHelper.invokeMethodConsideringTimeout(MethodInvocationHelper.java:61)
at org.testng.internal.ConfigInvoker.invokeConfigurationMethod(ConfigInvoker.java:366)
at org.testng.internal.ConfigInvoker.invokeConfigurations(ConfigInvoker.java:320)
at org.testng.TestRunner.invokeTestConfigurations(TestRunner.java:617)
at org.testng.TestRunner.beforeRun(TestRunner.java:607)
at org.testng.TestRunner.run(TestRunner.java:578)
at org.testng.SuiteRunner.runTest(SuiteRunner.java:384)
at org.testng.SuiteRunner.access$000(SuiteRunner.java:28)
at org.testng.SuiteRunner$SuiteWorker.run(SuiteRunner.java:425)
at org.testng.internal.thread.ThreadUtil.lambda$execute$0(ThreadUtil.java:66)
at java.base/java.util.concurrent.FutureTask.run(FutureTask.java:264)
at java.base/java.util.concurrent.ThreadPoolExecutor.runWorker(ThreadPoolExecutor.java:1130)
at java.base/java.util.concurrent.ThreadPoolExecutor$Worker.run(ThreadPoolExecutor.java:630)
at java.base/java.lang.Thread.run(Thread.java:832)
Caused by: java.lang.reflect.InvocationTargetException
at java.base/jdk.internal.reflect.NativeMethodAccessorImpl.invoke0(Native Method)
at java.base/jdk.internal.reflect.NativeMethodAccessorImpl.invoke(NativeMethodAccessorImpl.java:64)
at java.base/jdk.internal.reflect.DelegatingMethodAccessorImpl.invoke(DelegatingMethodAccessorImpl.java:43)
at java.base/java.lang.reflect.Method.invoke(Method.java:564)
at io.appium.java_client.remote.AppiumCommandExecutor$1.createSession(AppiumCommandExecutor.java:186)
... 33 more
Caused by: java.net.SocketException: Connection reset
at java.base/sun.nio.ch.NioSocketImpl.implRead(NioSocketImpl.java:323)
at java.base/sun.nio.ch.NioSocketImpl.read(NioSocketImpl.java:350)
at java.base/sun.nio.ch.NioSocketImpl$1.read(NioSocketImpl.java:803)
at java.base/java.net.Socket$SocketInputStream.read(Socket.java:981)
at okio.Okio$2.read(Okio.java:140)
at okio.AsyncTimeout$2.read(AsyncTimeout.java:237)
at okio.RealBufferedSource.indexOf(RealBufferedSource.java:355)
at okio.RealBufferedSource.readUtf8LineStrict(RealBufferedSource.java:227)
at okhttp3.internal.http1.Http1Codec.readHeaderLine(Http1Codec.java:215)
at okhttp3.internal.http1.Http1Codec.readResponseHeaders(Http1Codec.java:189)
at okhttp3.internal.http.CallServerInterceptor.intercept(CallServerInterceptor.java:88)
at okhttp3.internal.http.RealInterceptorChain.proceed(RealInterceptorChain.java:147)
at okhttp3.internal.http.RealInterceptorChain.proceed(RealInterceptorChain.java:121)
at org.openqa.selenium.remote.internal.OkHttpClient$Factory$1.lambda$createClient$1(OkHttpClient.java:152)
at okhttp3.internal.http.RealInterceptorChain.proceed(RealInterceptorChain.java:147)
at okhttp3.internal.connection.ConnectInterceptor.intercept(ConnectInterceptor.java:45)
at okhttp3.internal.http.RealInterceptorChain.proceed(RealInterceptorChain.java:147)
at okhttp3.internal.http.RealInterceptorChain.proceed(RealInterceptorChain.java:121)
at okhttp3.internal.cache.CacheInterceptor.intercept(CacheInterceptor.java:93)
at okhttp3.internal.http.RealInterceptorChain.proceed(RealInterceptorChain.java:147)
at okhttp3.internal.http.RealInterceptorChain.proceed(RealInterceptorChain.java:121)
at okhttp3.internal.http.BridgeInterceptor.intercept(BridgeInterceptor.java:93)
at okhttp3.internal.http.RealInterceptorChain.proceed(RealInterceptorChain.java:147)
at okhttp3.internal.http.RetryAndFollowUpInterceptor.intercept(RetryAndFollowUpInterceptor.java:126)
at okhttp3.internal.http.RealInterceptorChain.proceed(RealInterceptorChain.java:147)
at okhttp3.internal.http.RealInterceptorChain.proceed(RealInterceptorChain.java:121)
at okhttp3.RealCall.getResponseWithInterceptorChain(RealCall.java:200)
at okhttp3.RealCall.execute(RealCall.java:77)
at org.openqa.selenium.remote.internal.OkHttpClient.execute(OkHttpClient.java:103)
at org.openqa.selenium.remote.ProtocolHandshake.createSession(ProtocolHandshake.java:105)
... 38 more
]]>
    </failure>
  </testcase> <!-- @BeforeTest setup -->
  <testcase classname="Tests.CONSUMERAPP" name="MSISDN_Entered_Successfully" time="0.0">
    <skipped/>
  </testcase> <!-- MSISDN_Entered_Successfully -->
  <testcase classname="Tests.CONSUMERAPP" name="Entered_MPIN_Successfully" time="0.0">
    <skipped/>
  </testcase> <!-- Entered_MPIN_Successfully -->
  <testcase classname="Tests.CONSUMERAPP" name="Customer_Logged_In_Successfully" time="0.0">
    <skipped/>
  </testcase> <!-- Customer_Logged_In_Successfully -->
  <testcase classname="Tests.CONSUMERAPP" name="Clicked_On_Add_Money_CoachMark" time="0.0">
    <skipped/>
  </testcase> <!-- Clicked_On_Add_Money_CoachMark -->
  <testcase classname="Tests.CONSUMERAPP" name="Clicked_On_Balance_And_Transaction_History_CoachMark" time="0.0">
    <skipped/>
  </testcase> <!-- Clicked_On_Balance_And_Transaction_History_CoachMark -->
  <testcase classname="Tests.CONSUMERAPP" name="Clicked_On_Ready_Cash_CoachMark" time="0.0">
    <skipped/>
  </testcase> <!-- Clicked_On_Ready_Cash_CoachMark -->
  <testcase classname="Tests.CONSUMERAPP" name="Clicked_On_My_Account_CoachMark" time="0.0">
    <skipped/>
  </testcase> <!-- Clicked_On_My_Account_CoachMark -->
  <testcase classname="Tests.CONSUMERAPP" name="Clicked_On_Personalize_JazzCash_CoachMark" time="0.0">
    <skipped/>
  </testcase> <!-- Clicked_On_Personalize_JazzCash_CoachMark -->
  <testcase classname="Tests.CONSUMERAPP" name="Clicked_On_Explore_All_Services_CoachMark" time="0.0">
    <skipped/>
  </testcase> <!-- Clicked_On_Explore_All_Services_CoachMark -->
  <testcase classname="Tests.CONSUMERAPP" name="Clicked_On_Notification_And_Promotions_CoachMark" time="0.0">
    <skipped/>
  </testcase> <!-- Clicked_On_Notification_And_Promotions_CoachMark -->
  <testcase classname="Tests.CONSUMERAPP" name="Searched_And_Selected_Bank_Name" time="0.0">
    <ignored/>
  </testcase> <!-- Searched_And_Selected_Bank_Name -->
  <testcase classname="Tests.CONSUMERAPP" name="Clicked_On_Account_Update_Coach_Mark" time="0.0">
    <ignored/>
  </testcase> <!-- Clicked_On_Account_Update_Coach_Mark -->
  <testcase classname="Tests.CONSUMERAPP" name="Bill_Details_Fetched_Failed" time="0.0">
    <ignored/>
  </testcase> <!-- Bill_Details_Fetched_Failed -->
  <testcase classname="Tests.CONSUMERAPP" name="Account_Limits_Verified" time="0.0">
    <ignored/>
  </testcase> <!-- Account_Limits_Verified -->
  <testcase classname="Tests.CONSUMERAPP" name="Clicked_On_Money_Transfer_To_CNIC" time="0.0">
    <ignored/>
  </testcase> <!-- Clicked_On_Money_Transfer_To_CNIC -->
  <testcase classname="Tests.CONSUMERAPP" name="Entered_MPIN_For_Prepaid_Load_Transaction" time="0.0">
    <ignored/>
  </testcase> <!-- Entered_MPIN_For_Prepaid_Load_Transaction -->
  <testcase classname="Tests.CONSUMERAPP" name="Confirmed_Prepaid_Load_Transaction" time="0.0">
    <ignored/>
  </testcase> <!-- Confirmed_Prepaid_Load_Transaction -->
  <testcase classname="Tests.CONSUMERAPP" name="Verified_Logout_From_App_Successfully" time="0.0">
    <ignored/>
  </testcase> <!-- Verified_Logout_From_App_Successfully -->
  <testcase classname="Tests.CONSUMERAPP" name="Prepaid_Load_Reciept" time="0.0">
    <ignored/>
  </testcase> <!-- Prepaid_Load_Reciept -->
  <testcase classname="Tests.CONSUMERAPP" name="Item_Order" time="0.0">
    <ignored/>
  </testcase> <!-- Item_Order -->
  <testcase classname="Tests.CONSUMERAPP" name="Clicked_On_Transaction_History" time="0.0">
    <ignored/>
  </testcase> <!-- Clicked_On_Transaction_History -->
  <testcase classname="Tests.CONSUMERAPP" name="Clicked_On_My_Acccount" time="0.0">
    <ignored/>
  </testcase> <!-- Clicked_On_My_Acccount -->
  <testcase classname="Tests.CONSUMERAPP" name="Transfer_To_JC_Reciept" time="0.0">
    <ignored/>
  </testcase> <!-- Transfer_To_JC_Reciept -->
  <testcase classname="Tests.CONSUMERAPP" name="Clicked_On_Prepaid_Load" time="0.0">
    <ignored/>
  </testcase> <!-- Clicked_On_Prepaid_Load -->
  <testcase classname="Tests.CONSUMERAPP" name="Clicked_On_Logout" time="0.0">
    <ignored/>
  </testcase> <!-- Clicked_On_Logout -->
  <testcase classname="Tests.CONSUMERAPP" name="Confirm_Cancellation" time="0.0">
    <ignored/>
  </testcase> <!-- Confirm_Cancellation -->
  <testcase classname="Tests.CONSUMERAPP" name="Entered_Bank_Account_Number" time="0.0">
    <ignored/>
  </testcase> <!-- Entered_Bank_Account_Number -->
  <testcase classname="Tests.CONSUMERAPP" name="Entered_Bill_Reference_NO" time="0.0">
    <ignored/>
  </testcase> <!-- Entered_Bill_Reference_NO -->
  <testcase classname="Tests.CONSUMERAPP" name="Clicked_On_Money_Transfer_To_Jazzcash" time="0.0">
    <ignored/>
  </testcase> <!-- Clicked_On_Money_Transfer_To_Jazzcash -->
  <testcase classname="Tests.CONSUMERAPP" name="Entered_Amount_For_Prepaid_Load" time="0.0">
    <ignored/>
  </testcase> <!-- Entered_Amount_For_Prepaid_Load -->
  <testcase classname="Tests.CONSUMERAPP" name="Entered_MPIN_To_Authorize_Transfer_To_Bank" time="0.0">
    <ignored/>
  </testcase> <!-- Entered_MPIN_To_Authorize_Transfer_To_Bank -->
  <testcase classname="Tests.CONSUMERAPP" name="Transaction_History_Verified" time="0.0">
    <ignored/>
  </testcase> <!-- Transaction_History_Verified -->
  <testcase classname="Tests.CONSUMERAPP" name="Searched_And_Selected_Postpaid_Number" time="0.0">
    <ignored/>
  </testcase> <!-- Searched_And_Selected_Postpaid_Number -->
  <testcase classname="Tests.CONSUMERAPP" name="Skipped_Recipient_Mobile_Number" time="0.0">
    <ignored/>
  </testcase> <!-- Skipped_Recipient_Mobile_Number -->
  <testcase classname="Tests.CONSUMERAPP" name="Mobile_Bundle_Reciept" time="0.0">
    <ignored/>
  </testcase> <!-- Mobile_Bundle_Reciept -->
  <testcase classname="Tests.CONSUMERAPP" name="Athorize_Send_Money_To_CNIC" time="0.0">
    <ignored/>
  </testcase> <!-- Athorize_Send_Money_To_CNIC -->
  <testcase classname="Tests.CONSUMERAPP" name="Postpaid_Bill_Reciept" time="0.0">
    <ignored/>
  </testcase> <!-- Postpaid_Bill_Reciept -->
  <testcase classname="Tests.CONSUMERAPP" name="Entered_MPIN" time="0.0">
    <ignored/>
  </testcase> <!-- Entered_MPIN -->
  <testcase classname="Tests.CONSUMERAPP" name="Transfered_To_CNIC_Reciept" time="0.0">
    <ignored/>
  </testcase> <!-- Transfered_To_CNIC_Reciept -->
  <testcase classname="Tests.CONSUMERAPP" name="Clicked_On_Terms_And_Conditions" time="0.0">
    <ignored/>
  </testcase> <!-- Clicked_On_Terms_And_Conditions -->
  <testcase classname="Tests.CONSUMERAPP" name="IBFT_Transaction_Failed" time="0.0">
    <ignored/>
  </testcase> <!-- IBFT_Transaction_Failed -->
  <testcase classname="Tests.CONSUMERAPP" name="Clicked_On_Account_Limits" time="0.0">
    <ignored/>
  </testcase> <!-- Clicked_On_Account_Limits -->
  <testcase classname="Tests.CONSUMERAPP" name="Entered_MPIN_To_Authorize_Transfer_To_JC" time="0.0">
    <ignored/>
  </testcase> <!-- Entered_MPIN_To_Authorize_Transfer_To_JC -->
  <testcase classname="Tests.CONSUMERAPP" name="Entered_Amount_To_Transfer_JC" time="0.0">
    <ignored/>
  </testcase> <!-- Entered_Amount_To_Transfer_JC -->
  <testcase classname="Tests.CONSUMERAPP" name="Entered_Account_Number" time="0.0">
    <ignored/>
  </testcase> <!-- Entered_Account_Number -->
  <testcase classname="Tests.CONSUMERAPP" name="Purpose_Of_Transfer_Selected" time="0.0">
    <ignored/>
  </testcase> <!-- Purpose_Of_Transfer_Selected -->
  <testcase classname="Tests.CONSUMERAPP" name="Add_To_Cart" time="0.0">
    <ignored/>
  </testcase> <!-- Add_To_Cart -->
  <testcase classname="Tests.CONSUMERAPP" name="Select_Category" time="0.0">
    <ignored/>
  </testcase> <!-- Select_Category -->
  <testcase classname="Tests.CONSUMERAPP" name="Clicked_On_Mobile_Bundles" time="0.0">
    <ignored/>
  </testcase> <!-- Clicked_On_Mobile_Bundles -->
  <testcase classname="Tests.CONSUMERAPP" name="Confirmed_Transfer_To_Bank_Account" time="0.0">
    <ignored/>
  </testcase> <!-- Confirmed_Transfer_To_Bank_Account -->
  <testcase classname="Tests.CONSUMERAPP" name="Select_Standard_Delivery" time="0.0">
    <ignored/>
  </testcase> <!-- Select_Standard_Delivery -->
  <testcase classname="Tests.CONSUMERAPP" name="Account_Statement_Verified" time="0.0">
    <ignored/>
  </testcase> <!-- Account_Statement_Verified -->
  <testcase classname="Tests.CONSUMERAPP" name="Change_View" time="0.0">
    <ignored/>
  </testcase> <!-- Change_View -->
  <testcase classname="Tests.CONSUMERAPP" name="Linked_Debit_Cards_Verified" time="0.0">
    <ignored/>
  </testcase> <!-- Linked_Debit_Cards_Verified -->
  <testcase classname="Tests.CONSUMERAPP" name="Logout_From_App_Successfully" time="0.0">
    <ignored/>
  </testcase> <!-- Logout_From_App_Successfully -->
  <testcase classname="Tests.CONSUMERAPP" name="Search_Product" time="0.0">
    <ignored/>
  </testcase> <!-- Search_Product -->
  <testcase classname="Tests.CONSUMERAPP" name="Clicked_Linked_Debit_Cards" time="0.0">
    <ignored/>
  </testcase> <!-- Clicked_Linked_Debit_Cards -->
  <testcase classname="Tests.CONSUMERAPP" name="Clicked_On_Account_Statement" time="0.0">
    <ignored/>
  </testcase> <!-- Clicked_On_Account_Statement -->
  <testcase classname="Tests.CONSUMERAPP" name="Add_New_Address" time="0.0">
    <ignored/>
  </testcase> <!-- Add_New_Address -->
  <testcase classname="Tests.CONSUMERAPP" name="Order_Selection" time="0.0">
    <ignored/>
  </testcase> <!-- Order_Selection -->
  <testcase classname="Tests.CONSUMERAPP" name="Clicked_On_Change_MPIN" time="0.0">
    <ignored/>
  </testcase> <!-- Clicked_On_Change_MPIN -->
  <testcase classname="Tests.CONSUMERAPP" name="Entered_Recipient_Mobile_Number" time="0.0">
    <ignored/>
  </testcase> <!-- Entered_Recipient_Mobile_Number -->
  <testcase classname="Tests.CONSUMERAPP" name="Clicked_On_Delink_Device" time="0.0">
    <ignored/>
  </testcase> <!-- Clicked_On_Delink_Device -->
  <testcase classname="Tests.CONSUMERAPP" name="Close_Receipt" time="0.0">
    <ignored/>
  </testcase> <!-- Close_Receipt -->
  <testcase classname="Tests.CONSUMERAPP" name="Authorize_Transfer_To_JC" time="0.0">
    <ignored/>
  </testcase> <!-- Authorize_Transfer_To_JC -->
  <testcase classname="Tests.CONSUMERAPP" name="Confirmed_Transaction" time="0.0">
    <ignored/>
  </testcase> <!-- Confirmed_Transaction -->
  <testcase classname="Tests.CONSUMERAPP" name="Entered_MPIN_For_Postpaid_Bill_Transaction" time="0.0">
    <ignored/>
  </testcase> <!-- Entered_MPIN_For_Postpaid_Bill_Transaction -->
  <testcase classname="Tests.CONSUMERAPP" name="Open_Payment_Screen" time="0.0">
    <ignored/>
  </testcase> <!-- Open_Payment_Screen -->
  <testcase classname="Tests.CONSUMERAPP" name="Clicked_On_Postpaid_Bill" time="0.0">
    <ignored/>
  </testcase> <!-- Clicked_On_Postpaid_Bill -->
  <testcase classname="Tests.CONSUMERAPP" name="Entered_Amount_To_Transfer_Successfully" time="0.0">
    <ignored/>
  </testcase> <!-- Entered_Amount_To_Transfer_Successfully -->
  <testcase classname="Tests.CONSUMERAPP" name="Profile_View" time="0.0">
    <ignored/>
  </testcase> <!-- Profile_View -->
  <testcase classname="Tests.CONSUMERAPP" name="Confirmed_Mobile_Bundle_Purchase" time="0.0">
    <ignored/>
  </testcase> <!-- Confirmed_Mobile_Bundle_Purchase -->
  <testcase classname="Tests.CONSUMERAPP" name="Entered_Recipients_Mobile_Number_CNIC" time="0.0">
    <ignored/>
  </testcase> <!-- Entered_Recipients_Mobile_Number_CNIC -->
  <testcase classname="Tests.CONSUMERAPP" name="Amount_Entered_To_Transfer_Successfully" time="0.0">
    <ignored/>
  </testcase> <!-- Amount_Entered_To_Transfer_Successfully -->
  <testcase classname="Tests.CONSUMERAPP" name="Searched_And_Selected_Jazz_Number" time="0.0">
    <ignored/>
  </testcase> <!-- Searched_And_Selected_Jazz_Number -->
  <testcase classname="Tests.CONSUMERAPP" name="Amount_Entered_To_CNIC_Transfer" time="0.0">
    <ignored/>
  </testcase> <!-- Amount_Entered_To_CNIC_Transfer -->
  <testcase classname="Tests.CONSUMERAPP" name="Searched_And_Selected_Electricity" time="0.0">
    <ignored/>
  </testcase> <!-- Searched_And_Selected_Electricity -->
  <testcase classname="Tests.CONSUMERAPP" name="Entered_Postpaid_Bill_Amount" time="0.0">
    <ignored/>
  </testcase> <!-- Entered_Postpaid_Bill_Amount -->
  <testcase classname="Tests.CONSUMERAPP" name="Bundle_Selected_Successfully" time="0.0">
    <ignored/>
  </testcase> <!-- Bundle_Selected_Successfully -->
  <testcase classname="Tests.CONSUMERAPP" name="MPIN_Entered" time="0.0">
    <ignored/>
  </testcase> <!-- MPIN_Entered -->
  <testcase classname="Tests.CONSUMERAPP" name="Cancle_Order" time="0.0">
    <ignored/>
  </testcase> <!-- Cancle_Order -->
  <testcase classname="Tests.CONSUMERAPP" name="Confirmed_Postpaid_Bill_Transaction" time="0.0">
    <ignored/>
  </testcase> <!-- Confirmed_Postpaid_Bill_Transaction -->
  <testcase classname="Tests.CONSUMERAPP" name="Track_Order" time="0.0">
    <ignored/>
  </testcase> <!-- Track_Order -->
  <testcase classname="Tests.CONSUMERAPP" name="Clicked_On_Money_Transfer_To_Bank" time="0.0">
    <ignored/>
  </testcase> <!-- Clicked_On_Money_Transfer_To_Bank -->
  <testcase classname="Tests.CONSUMERAPP" name="Clicked_On_Change_MPIN_Coach_Mark" time="0.0">
    <ignored/>
  </testcase> <!-- Clicked_On_Change_MPIN_Coach_Mark -->
  <testcase classname="Tests.CONSUMERAPP" name="Open_Menu" time="0.0">
    <ignored/>
  </testcase> <!-- Open_Menu -->
  <testcase classname="Tests.CONSUMERAPP" name="Cancelled_Delink_Device" time="0.0">
    <ignored/>
  </testcase> <!-- Cancelled_Delink_Device -->
  <testcase classname="Tests.CONSUMERAPP" name="Entered_Amount_To_Transfer" time="0.0">
    <ignored/>
  </testcase> <!-- Entered_Amount_To_Transfer -->
  <testcase classname="Tests.CONSUMERAPP" name="Clicked_On_Electricity" time="0.0">
    <ignored/>
  </testcase> <!-- Clicked_On_Electricity -->
  <testcase classname="Tests.CONSUMERAPP" name="Searched_And_Selected_Recipent" time="0.0">
    <ignored/>
  </testcase> <!-- Searched_And_Selected_Recipent -->
  <testcase classname="Tests.CONSUMERAPP" name="Clicked_On_Money_Transfer_To_Mobile_Account" time="0.0">
    <ignored/>
  </testcase> <!-- Clicked_On_Money_Transfer_To_Mobile_Account -->
  <testcase classname="Tests.CONSUMERAPP" name="Confirmed_MPIN" time="0.0">
    <ignored/>
  </testcase> <!-- Confirmed_MPIN -->
  <testcase classname="Tests.CONSUMERAPP" name="Select_Product" time="0.0">
    <ignored/>
  </testcase> <!-- Select_Product -->
  <testcase classname="Tests.CONSUMERAPP" name="Clicked_On_Help_And_Support" time="0.0">
    <ignored/>
  </testcase> <!-- Clicked_On_Help_And_Support -->
  <testcase classname="Tests.CONSUMERAPP" name="Account_Title_Verified" time="0.0">
    <ignored/>
  </testcase> <!-- Account_Title_Verified -->
  <testcase classname="Tests.CONSUMERAPP" name="CNIC_Number_Entered" time="0.0">
    <ignored/>
  </testcase> <!-- CNIC_Number_Entered -->
</testsuite> <!-- Test2 -->
